<?xml version="1.0" encoding="UTF-8"?>
<!-- Generated by org.testng.reporters.JUnitReportReporter -->
<testsuite hostname="dell" name="ExcelSheetReader.DataReaderXl" tests="1" failures="0" timestamp="14 Sep 2019 09:52:55 GMT" time="1.470" errors="0">
  <testcase name="func" time="1.470" classname="ExcelSheetReader.DataReaderXl"/>
</testsuite> <!-- ExcelSheetReader.DataReaderXl -->
