<?xml version="1.0" encoding="UTF-8"?>
<!-- Generated by org.testng.reporters.JUnitReportReporter -->
<testsuite hostname="dell" name="ExcelSheetReader.DataReaderXl" tests="1" failures="0" timestamp="12 Sep 2019 20:15:05 GMT" time="6.927" errors="0">
  <testcase name="func" time="6.927" classname="ExcelSheetReader.DataReaderXl"/>
</testsuite> <!-- ExcelSheetReader.DataReaderXl -->
